<?xml version="1.0" encoding="UTF-8"?>
<!-- Generated by org.testng.reporters.JUnitReportReporter -->
<testsuite hostname="DESKTOP-GDO9BQ7" failures="0" tests="2" name="org.example.LoginPage" time="45.314" errors="0" timestamp="2023-09-28T15:52:33 IST" skipped="0">
  <testcase classname="org.example.LoginPage" name="test1" time="14.185"/>
  <system-out/>
  <testcase classname="org.example.LoginPage" name="test1" time="31.129"/>
  <system-out/>
</testsuite> <!-- org.example.LoginPage -->
